<?xml version="1.0" encoding="utf-8"?><testsuites name="pytest tests"><testsuite name="pytest" errors="0" failures="0" skipped="0" tests="11" time="3.674" timestamp="2026-04-23T00:47:32.221797+00:00" hostname="agent-env-5241c808-0b7a-4ed4-8a49-93a8bac72cff"><testcase classname="backend.tests.backend_test.TestAuth" name="test_login_success" time="0.471" /><testcase classname="backend.tests.backend_test.TestAuth" name="test_login_invalid" time="0.338" /><testcase classname="backend.tests.backend_test.TestAuth" name="test_me_with_token" time="0.482" /><testcase classname="backend.tests.backend_test.TestAuth" name="test_me_without_token" time="0.109" /><testcase classname="backend.tests.backend_test.TestMenu" name="test_list_menu" time="0.138" /><testcase classname="backend.tests.backend_test.TestAdminMenu" name="test_admin_menu_requires_auth" time="0.111" /><testcase classname="backend.tests.backend_test.TestAdminMenu" name="test_admin_menu_list" time="0.158" /><testcase classname="backend.tests.backend_test.TestAdminMenu" name="test_admin_menu_crud" time="0.643" /><testcase classname="backend.tests.backend_test.TestOrders" name="test_create_order_empty" time="0.131" /><testcase classname="backend.tests.backend_test.TestOrders" name="test_create_and_get_order" time="0.842" /><testcase classname="backend.tests.backend_test.TestOrders" name="test_admin_orders_unauth" time="0.120" /></testsuite></testsuites>